<?xml version="1.0" encoding="UTF-8"?>
<testng-results skipped="1" failed="3" ignored="0" total="18" passed="14">
  <reporter-output>
  </reporter-output>
  <suite name="Suite" duration-ms="264801" started-at="2018-02-22T11:52:39Z" finished-at="2018-02-22T11:57:03Z">
    <groups>
    </groups>
    <test name="Test" duration-ms="264801" started-at="2018-02-22T11:52:39Z" finished-at="2018-02-22T11:57:03Z">
      <class name="com.wipro.chcare.ccc.openCart003_ProductComparison">
        <test-method status="PASS" signature="initializeReport()[pri:0, instance:com.wipro.chcare.ccc.openCart003_ProductComparison@5bcab519]" name="initializeReport" is-config="true" duration-ms="8" started-at="2018-02-22T17:23:31Z" finished-at="2018-02-22T17:23:31Z">
          <reporter-output>
          </reporter-output>
        </test-method> <!-- initializeReport -->
        <test-method status="PASS" signature="intialize()[pri:0, instance:com.wipro.chcare.ccc.openCart003_ProductComparison@5bcab519]" name="intialize" is-config="true" duration-ms="4161" started-at="2018-02-22T17:23:31Z" finished-at="2018-02-22T17:23:35Z">
          <reporter-output>
          </reporter-output>
        </test-method> <!-- intialize -->
        <test-method status="PASS" signature="openApp()[pri:0, instance:com.wipro.chcare.ccc.openCart003_ProductComparison@5bcab519]" name="openApp" duration-ms="4498" started-at="2018-02-22T17:23:35Z" description="Launch openCart application" finished-at="2018-02-22T17:23:40Z">
          <reporter-output>
          </reporter-output>
        </test-method> <!-- openApp -->
        <test-method status="PASS" signature="getResult(org.testng.ITestResult)[pri:0, instance:com.wipro.chcare.ccc.openCart003_ProductComparison@5bcab519]" name="getResult" is-config="true" duration-ms="0" started-at="2018-02-22T17:23:40Z" finished-at="2018-02-22T17:23:40Z">
          <params>
            <param index="0">
              <value>
                <![CDATA[[TestResult name=openApp status=SUCCESS method=openCart003_ProductComparison.openApp()[pri:0, instance:com.wipro.chcare.ccc.openCart003_ProductComparison@5bcab519] output={null}]]]>
              </value>
            </param>
          </params>
          <reporter-output>
          </reporter-output>
        </test-method> <!-- getResult -->
        <test-method name="productComparison" signature="productComparison(java.lang.String, java.lang.String, java.lang.String)[pri:0, instance:com.wipro.chcare.ccc.openCart003_ProductComparison@5bcab519]" status="FAIL" duration-ms="112712" finished-at="2018-02-22T17:25:33Z" started-at="2018-02-22T17:23:40Z" depends-on-methods="com.wipro.chcare.ccc.openCart003_ProductComparison.openApp" data-provider="Mydatprovide" description="PD">
          <params>
            <param index="0">
              <value>
                <![CDATA[dhana.amalakanta@gmail.com]]>
              </value>
            </param>
            <param index="1">
              <value>
                <![CDATA[Dhana@24]]>
              </value>
            </param>
            <param index="2">
              <value>
                <![CDATA[phone]]>
              </value>
            </param>
          </params>
          <exception class="org.openqa.selenium.NoSuchElementException">
            <message>
              <![CDATA[Unable to find element with css selector == #button\-payment\-addressFor documentation on this error, please visit: http://seleniumhq.org/exceptions/no_such_element.htmlBuild info: version: '3.6.0', revision: '6fbf3ec767', time: '2017-09-27T15:28:36.4Z'System info: host: 'D-184003222', ip: '10.159.34.131', os.name: 'Windows 10', os.arch: 'amd64', os.version: '10.0', java.version: '1.8.0_121'Driver info: org.openqa.selenium.remote.RemoteWebDriverCapabilities [{proxy=Proxy(), webdriver.remote.sessionid=625a40e0-c744-40e4-b2de-57744f64b8da, acceptInsecureCerts=false, browserVersion=11, se:ieOptions={nativeEvents=true, browserAttachTimeout=0, ie.ensureCleanSession=false, elementScrollBehavior=0, enablePersistentHover=true, ie.browserCommandLineSwitches=, ie.forceCreateProcessApi=false, requireWindowFocus=false, initialBrowserUrl=http://localhost:6460/, ignoreZoomSetting=false, ie.fileUploadDialogTimeout=3000, ignoreProtectedModeSettings=false}, timeouts={implicit=0, pageLoad=300000, script=30000}, browserName=internet explorer, pageLoadStrategy=normal, javascriptEnabled=true, platformName=WINDOWS, setWindowRect=true, platform=WINDOWS}]Session ID: 625a40e0-c744-40e4-b2de-57744f64b8da*** Element info: {Using=id, value=button-payment-address}]]>
            </message>
            <full-stacktrace>
              <![CDATA[org.openqa.selenium.NoSuchElementException: Unable to find element with css selector == #button\-payment\-addressFor documentation on this error, please visit: http://seleniumhq.org/exceptions/no_such_element.htmlBuild info: version: '3.6.0', revision: '6fbf3ec767', time: '2017-09-27T15:28:36.4Z'System info: host: 'D-184003222', ip: '10.159.34.131', os.name: 'Windows 10', os.arch: 'amd64', os.version: '10.0', java.version: '1.8.0_121'Driver info: org.openqa.selenium.remote.RemoteWebDriverCapabilities [{proxy=Proxy(), webdriver.remote.sessionid=625a40e0-c744-40e4-b2de-57744f64b8da, acceptInsecureCerts=false, browserVersion=11, se:ieOptions={nativeEvents=true, browserAttachTimeout=0, ie.ensureCleanSession=false, elementScrollBehavior=0, enablePersistentHover=true, ie.browserCommandLineSwitches=, ie.forceCreateProcessApi=false, requireWindowFocus=false, initialBrowserUrl=http://localhost:6460/, ignoreZoomSetting=false, ie.fileUploadDialogTimeout=3000, ignoreProtectedModeSettings=false}, timeouts={implicit=0, pageLoad=300000, script=30000}, browserName=internet explorer, pageLoadStrategy=normal, javascriptEnabled=true, platformName=WINDOWS, setWindowRect=true, platform=WINDOWS}]Session ID: 625a40e0-c744-40e4-b2de-57744f64b8da*** Element info: {Using=id, value=button-payment-address}at sun.reflect.NativeConstructorAccessorImpl.newInstance0(Native Method)at sun.reflect.NativeConstructorAccessorImpl.newInstance(NativeConstructorAccessorImpl.java:62)at sun.reflect.DelegatingConstructorAccessorImpl.newInstance(DelegatingConstructorAccessorImpl.java:45)at java.lang.reflect.Constructor.newInstance(Constructor.java:423)at org.openqa.selenium.remote.http.W3CHttpResponseCodec.createException(W3CHttpResponseCodec.java:185)at org.openqa.selenium.remote.http.W3CHttpResponseCodec.decode(W3CHttpResponseCodec.java:120)at org.openqa.selenium.remote.http.W3CHttpResponseCodec.decode(W3CHttpResponseCodec.java:49)at org.openqa.selenium.remote.HttpCommandExecutor.execute(HttpCommandExecutor.java:164)at org.openqa.selenium.remote.RemoteWebDriver.execute(RemoteWebDriver.java:586)at org.openqa.selenium.remote.RemoteWebDriver.findElement(RemoteWebDriver.java:356)at org.openqa.selenium.remote.RemoteWebDriver.findElementById(RemoteWebDriver.java:402)at org.openqa.selenium.By$ById.findElement(By.java:218)at org.openqa.selenium.remote.RemoteWebDriver.findElement(RemoteWebDriver.java:348)at com.wipro.chcare.ccc.openCart003_ProductComparison.productComparison(openCart003_ProductComparison.java:277)at sun.reflect.NativeMethodAccessorImpl.invoke0(Native Method)at sun.reflect.NativeMethodAccessorImpl.invoke(NativeMethodAccessorImpl.java:62)at sun.reflect.DelegatingMethodAccessorImpl.invoke(DelegatingMethodAccessorImpl.java:43)at java.lang.reflect.Method.invoke(Method.java:498)at org.testng.internal.MethodInvocationHelper.invokeMethod(MethodInvocationHelper.java:124)at org.testng.internal.Invoker.invokeMethod(Invoker.java:571)at org.testng.internal.Invoker.invokeTestMethod(Invoker.java:707)at org.testng.internal.Invoker.invokeTestMethods(Invoker.java:979)at org.testng.internal.TestMethodWorker.invokeTestMethods(TestMethodWorker.java:125)at org.testng.internal.TestMethodWorker.run(TestMethodWorker.java:109)at org.testng.TestRunner.privateRun(TestRunner.java:648)at org.testng.TestRunner.run(TestRunner.java:505)at org.testng.SuiteRunner.runTest(SuiteRunner.java:455)at org.testng.SuiteRunner.runSequentially(SuiteRunner.java:450)at org.testng.SuiteRunner.privateRun(SuiteRunner.java:415)at org.testng.SuiteRunner.run(SuiteRunner.java:364)at org.testng.SuiteRunnerWorker.runSuite(SuiteRunnerWorker.java:52)at org.testng.SuiteRunnerWorker.run(SuiteRunnerWorker.java:84)at org.testng.TestNG.runSuitesSequentially(TestNG.java:1187)at org.testng.TestNG.runSuitesLocally(TestNG.java:1116)at org.testng.TestNG.runSuites(TestNG.java:1028)at org.testng.TestNG.run(TestNG.java:996)at org.testng.remote.AbstractRemoteTestNG.run(AbstractRemoteTestNG.java:114)at org.testng.remote.RemoteTestNG.initAndRun(RemoteTestNG.java:251)at org.testng.remote.RemoteTestNG.main(RemoteTestNG.java:77)]]>
            </full-stacktrace>
          </exception> <!-- org.openqa.selenium.NoSuchElementException -->
          <reporter-output>
          </reporter-output>
        </test-method> <!-- productComparison -->
        <test-method status="PASS" signature="getResult(org.testng.ITestResult)[pri:0, instance:com.wipro.chcare.ccc.openCart003_ProductComparison@5bcab519]" name="getResult" is-config="true" duration-ms="1" started-at="2018-02-22T17:25:33Z" finished-at="2018-02-22T17:25:33Z">
          <params>
            <param index="0">
              <value>
                <![CDATA[[TestResult name=productComparison status=FAILURE method=openCart003_ProductComparison.productComparison(java.lang.String, java.lang.String, java.lang.String)[pri:0, instance:com.wipro.chcare.ccc.openCart003_ProductComparison@5bcab519] output={null}]]]>
              </value>
            </param>
          </params>
          <reporter-output>
          </reporter-output>
        </test-method> <!-- getResult -->
        <test-method status="PASS" signature="endReport()[pri:0, instance:com.wipro.chcare.ccc.openCart003_ProductComparison@5bcab519]" name="endReport" is-config="true" duration-ms="64" started-at="2018-02-22T17:25:33Z" finished-at="2018-02-22T17:25:33Z">
          <reporter-output>
          </reporter-output>
        </test-method> <!-- endReport -->
      </class> <!-- com.wipro.chcare.ccc.openCart003_ProductComparison -->
      <class name="com.wipro.chcare.ccc.openCart002_OrderHistory">
        <test-method status="PASS" signature="initializeReport()[pri:0, instance:com.wipro.chcare.ccc.openCart002_OrderHistory@1e397ed7]" name="initializeReport" is-config="true" duration-ms="7" started-at="2018-02-22T17:26:31Z" finished-at="2018-02-22T17:26:31Z">
          <reporter-output>
          </reporter-output>
        </test-method> <!-- initializeReport -->
        <test-method status="PASS" signature="intialize()[pri:0, instance:com.wipro.chcare.ccc.openCart002_OrderHistory@1e397ed7]" name="intialize" is-config="true" duration-ms="2063" started-at="2018-02-22T17:26:31Z" finished-at="2018-02-22T17:26:33Z">
          <reporter-output>
          </reporter-output>
        </test-method> <!-- intialize -->
        <test-method status="PASS" signature="openApp()[pri:0, instance:com.wipro.chcare.ccc.openCart002_OrderHistory@1e397ed7]" name="openApp" duration-ms="1650" started-at="2018-02-22T17:26:33Z" description="Launch openCart application" finished-at="2018-02-22T17:26:34Z">
          <reporter-output>
          </reporter-output>
        </test-method> <!-- openApp -->
        <test-method status="PASS" signature="getResult(org.testng.ITestResult)[pri:0, instance:com.wipro.chcare.ccc.openCart002_OrderHistory@1e397ed7]" name="getResult" is-config="true" duration-ms="1" started-at="2018-02-22T17:26:34Z" finished-at="2018-02-22T17:26:34Z">
          <params>
            <param index="0">
              <value>
                <![CDATA[[TestResult name=openApp status=SUCCESS method=openCart002_OrderHistory.openApp()[pri:0, instance:com.wipro.chcare.ccc.openCart002_OrderHistory@1e397ed7] output={null}]]]>
              </value>
            </param>
          </params>
          <reporter-output>
          </reporter-output>
        </test-method> <!-- getResult -->
        <test-method status="PASS" signature="loginApp(java.lang.String, java.lang.String, java.lang.String, java.lang.String)[pri:0, instance:com.wipro.chcare.ccc.openCart002_OrderHistory@1e397ed7]" name="loginApp" duration-ms="1248" started-at="2018-02-22T17:26:34Z" data-provider="Mydatprovide" depends-on-methods="com.wipro.chcare.ccc.openCart002_OrderHistory.openApp" finished-at="2018-02-22T17:26:36Z">
          <params>
            <param index="0">
              <value>
                <![CDATA[dhana.amalakanta@gmail.com]]>
              </value>
            </param>
            <param index="1">
              <value>
                <![CDATA[Dhana@24]]>
              </value>
            </param>
            <param index="2">
              <value>
                <![CDATA[3]]>
              </value>
            </param>
            <param index="3">
              <value>
                <![CDATA[Product is not good]]>
              </value>
            </param>
          </params>
          <reporter-output>
          </reporter-output>
        </test-method> <!-- loginApp -->
        <test-method status="PASS" signature="homePageNavigation()[pri:0, instance:com.wipro.chcare.ccc.openCart002_OrderHistory@1e397ed7]" name="homePageNavigation" duration-ms="12908" started-at="2018-02-22T17:26:36Z" depends-on-methods="com.wipro.chcare.ccc.openCart002_OrderHistory.loginApp" finished-at="2018-02-22T17:26:48Z">
          <reporter-output>
          </reporter-output>
        </test-method> <!-- homePageNavigation -->
        <test-method status="PASS" signature="getResult(org.testng.ITestResult)[pri:0, instance:com.wipro.chcare.ccc.openCart002_OrderHistory@1e397ed7]" name="getResult" is-config="true" duration-ms="0" started-at="2018-02-22T17:26:36Z" finished-at="2018-02-22T17:26:36Z">
          <params>
            <param index="0">
              <value>
                <![CDATA[[TestResult name=loginApp status=SUCCESS method=openCart002_OrderHistory.loginApp(java.lang.String, java.lang.String, java.lang.String, java.lang.String)[pri:0, instance:com.wipro.chcare.ccc.openCart002_OrderHistory@1e397ed7] output={null}]]]>
              </value>
            </param>
          </params>
          <reporter-output>
          </reporter-output>
        </test-method> <!-- getResult -->
        <test-method status="PASS" signature="getResult(org.testng.ITestResult)[pri:0, instance:com.wipro.chcare.ccc.openCart002_OrderHistory@1e397ed7]" name="getResult" is-config="true" duration-ms="1" started-at="2018-02-22T17:26:48Z" finished-at="2018-02-22T17:26:48Z">
          <params>
            <param index="0">
              <value>
                <![CDATA[[TestResult name=homePageNavigation status=SUCCESS method=openCart002_OrderHistory.homePageNavigation()[pri:0, instance:com.wipro.chcare.ccc.openCart002_OrderHistory@1e397ed7] output={null}]]]>
              </value>
            </param>
          </params>
          <reporter-output>
          </reporter-output>
        </test-method> <!-- getResult -->
        <test-method status="PASS" signature="addToShoppingCart89and10(java.lang.String, java.lang.String, java.lang.String, java.lang.String)[pri:0, instance:com.wipro.chcare.ccc.openCart002_OrderHistory@1e397ed7]" name="addToShoppingCart89and10" duration-ms="1352" started-at="2018-02-22T17:26:49Z" data-provider="Mydatprovide" depends-on-methods="com.wipro.chcare.ccc.openCart002_OrderHistory.homePageNavigation" finished-at="2018-02-22T17:26:50Z">
          <params>
            <param index="0">
              <value>
                <![CDATA[dhana.amalakanta@gmail.com]]>
              </value>
            </param>
            <param index="1">
              <value>
                <![CDATA[Dhana@24]]>
              </value>
            </param>
            <param index="2">
              <value>
                <![CDATA[3]]>
              </value>
            </param>
            <param index="3">
              <value>
                <![CDATA[Product is not good]]>
              </value>
            </param>
          </params>
          <reporter-output>
          </reporter-output>
        </test-method> <!-- addToShoppingCart89and10 -->
        <test-method status="PASS" signature="getResult(org.testng.ITestResult)[pri:0, instance:com.wipro.chcare.ccc.openCart002_OrderHistory@1e397ed7]" name="getResult" is-config="true" duration-ms="1" started-at="2018-02-22T17:26:50Z" finished-at="2018-02-22T17:26:50Z">
          <params>
            <param index="0">
              <value>
                <![CDATA[[TestResult name=addToShoppingCart89and10 status=SUCCESS method=openCart002_OrderHistory.addToShoppingCart89and10(java.lang.String, java.lang.String, java.lang.String, java.lang.String)[pri:0, instance:com.wipro.chcare.ccc.openCart002_OrderHistory@1e397ed7] output={null}]]]>
              </value>
            </param>
          </params>
          <reporter-output>
          </reporter-output>
        </test-method> <!-- getResult -->
        <test-method status="FAIL" signature="checkOutConfirmOrder()[pri:0, instance:com.wipro.chcare.ccc.openCart002_OrderHistory@1e397ed7]" name="checkOutConfirmOrder" duration-ms="13446" started-at="2018-02-22T17:26:50Z" depends-on-methods="com.wipro.chcare.ccc.openCart002_OrderHistory.addToShoppingCart89and10" finished-at="2018-02-22T17:27:03Z">
          <exception class="org.openqa.selenium.NoSuchElementException">
            <message>
              <![CDATA[no such element: Unable to locate element: {"method":"id","selector":"button-payment-address"}  (Session info: chrome=63.0.3239.132)  (Driver info: chromedriver=2.33.506120 (e3e53437346286c0bc2d2dc9aa4915ba81d9023f),platform=Windows NT 10.0.14393 x86_64) (WARNING: The server did not provide any stacktrace information)Command duration or timeout: 0 millisecondsFor documentation on this error, please visit: http://seleniumhq.org/exceptions/no_such_element.htmlBuild info: version: '3.6.0', revision: '6fbf3ec767', time: '2017-09-27T15:28:36.4Z'System info: host: 'D-184003222', ip: '10.159.34.131', os.name: 'Windows 10', os.arch: 'amd64', os.version: '10.0', java.version: '1.8.0_121'Driver info: org.openqa.selenium.remote.RemoteWebDriverCapabilities [{mobileEmulationEnabled=false, hasTouchScreen=false, platform=XP, acceptSslCerts=true, webStorageEnabled=true, browserName=chrome, takesScreenshot=true, javascriptEnabled=true, platformName=XP, setWindowRect=true, unexpectedAlertBehaviour=, applicationCacheEnabled=false, rotatable=false, networkConnectionEnabled=false, chrome={chromedriverVersion=2.33.506120 (e3e53437346286c0bc2d2dc9aa4915ba81d9023f), userDataDir=C:\Users\damal\AppData\Local\Temp\scoped_dir14288_11500}, takesHeapSnapshot=true, pageLoadStrategy=normal, unhandledPromptBehavior=, databaseEnabled=false, handlesAlerts=true, version=63.0.3239.132, browserConnectionEnabled=false, nativeEvents=true, webdriver.remote.sessionid=1644c79689e57a6c793f651c36f3de08, locationContextEnabled=true, cssSelectorsEnabled=true}]Session ID: 1644c79689e57a6c793f651c36f3de08*** Element info: {Using=id, value=button-payment-address}]]>
            </message>
            <full-stacktrace>
              <![CDATA[org.openqa.selenium.NoSuchElementException: no such element: Unable to locate element: {"method":"id","selector":"button-payment-address"}  (Session info: chrome=63.0.3239.132)  (Driver info: chromedriver=2.33.506120 (e3e53437346286c0bc2d2dc9aa4915ba81d9023f),platform=Windows NT 10.0.14393 x86_64) (WARNING: The server did not provide any stacktrace information)Command duration or timeout: 0 millisecondsFor documentation on this error, please visit: http://seleniumhq.org/exceptions/no_such_element.htmlBuild info: version: '3.6.0', revision: '6fbf3ec767', time: '2017-09-27T15:28:36.4Z'System info: host: 'D-184003222', ip: '10.159.34.131', os.name: 'Windows 10', os.arch: 'amd64', os.version: '10.0', java.version: '1.8.0_121'Driver info: org.openqa.selenium.remote.RemoteWebDriverCapabilities [{mobileEmulationEnabled=false, hasTouchScreen=false, platform=XP, acceptSslCerts=true, webStorageEnabled=true, browserName=chrome, takesScreenshot=true, javascriptEnabled=true, platformName=XP, setWindowRect=true, unexpectedAlertBehaviour=, applicationCacheEnabled=false, rotatable=false, networkConnectionEnabled=false, chrome={chromedriverVersion=2.33.506120 (e3e53437346286c0bc2d2dc9aa4915ba81d9023f), userDataDir=C:\Users\damal\AppData\Local\Temp\scoped_dir14288_11500}, takesHeapSnapshot=true, pageLoadStrategy=normal, unhandledPromptBehavior=, databaseEnabled=false, handlesAlerts=true, version=63.0.3239.132, browserConnectionEnabled=false, nativeEvents=true, webdriver.remote.sessionid=1644c79689e57a6c793f651c36f3de08, locationContextEnabled=true, cssSelectorsEnabled=true}]Session ID: 1644c79689e57a6c793f651c36f3de08*** Element info: {Using=id, value=button-payment-address}at sun.reflect.NativeConstructorAccessorImpl.newInstance0(Native Method)at sun.reflect.NativeConstructorAccessorImpl.newInstance(NativeConstructorAccessorImpl.java:62)at sun.reflect.DelegatingConstructorAccessorImpl.newInstance(DelegatingConstructorAccessorImpl.java:45)at java.lang.reflect.Constructor.newInstance(Constructor.java:423)at org.openqa.selenium.remote.ErrorHandler.createThrowable(ErrorHandler.java:214)at org.openqa.selenium.remote.ErrorHandler.throwIfResponseFailed(ErrorHandler.java:166)at org.openqa.selenium.remote.http.JsonHttpResponseCodec.reconstructValue(JsonHttpResponseCodec.java:40)at org.openqa.selenium.remote.http.AbstractHttpResponseCodec.decode(AbstractHttpResponseCodec.java:82)at org.openqa.selenium.remote.http.AbstractHttpResponseCodec.decode(AbstractHttpResponseCodec.java:45)at org.openqa.selenium.remote.HttpCommandExecutor.execute(HttpCommandExecutor.java:164)at org.openqa.selenium.remote.RemoteWebDriver.execute(RemoteWebDriver.java:586)at org.openqa.selenium.remote.RemoteWebDriver.findElement(RemoteWebDriver.java:356)at org.openqa.selenium.remote.RemoteWebDriver.findElementById(RemoteWebDriver.java:402)at org.openqa.selenium.By$ById.findElement(By.java:218)at org.openqa.selenium.remote.RemoteWebDriver.findElement(RemoteWebDriver.java:348)at com.wipro.chcare.ccc.openCart002_OrderHistory.checkOutConfirmOrder(openCart002_OrderHistory.java:256)at sun.reflect.NativeMethodAccessorImpl.invoke0(Native Method)at sun.reflect.NativeMethodAccessorImpl.invoke(NativeMethodAccessorImpl.java:62)at sun.reflect.DelegatingMethodAccessorImpl.invoke(DelegatingMethodAccessorImpl.java:43)at java.lang.reflect.Method.invoke(Method.java:498)at org.testng.internal.MethodInvocationHelper.invokeMethod(MethodInvocationHelper.java:124)at org.testng.internal.Invoker.invokeMethod(Invoker.java:571)at org.testng.internal.Invoker.invokeTestMethod(Invoker.java:707)at org.testng.internal.Invoker.invokeTestMethods(Invoker.java:979)at org.testng.internal.TestMethodWorker.invokeTestMethods(TestMethodWorker.java:125)at org.testng.internal.TestMethodWorker.run(TestMethodWorker.java:109)at org.testng.TestRunner.privateRun(TestRunner.java:648)at org.testng.TestRunner.run(TestRunner.java:505)at org.testng.SuiteRunner.runTest(SuiteRunner.java:455)at org.testng.SuiteRunner.runSequentially(SuiteRunner.java:450)at org.testng.SuiteRunner.privateRun(SuiteRunner.java:415)at org.testng.SuiteRunner.run(SuiteRunner.java:364)at org.testng.SuiteRunnerWorker.runSuite(SuiteRunnerWorker.java:52)at org.testng.SuiteRunnerWorker.run(SuiteRunnerWorker.java:84)at org.testng.TestNG.runSuitesSequentially(TestNG.java:1187)at org.testng.TestNG.runSuitesLocally(TestNG.java:1116)at org.testng.TestNG.runSuites(TestNG.java:1028)at org.testng.TestNG.run(TestNG.java:996)at org.testng.remote.AbstractRemoteTestNG.run(AbstractRemoteTestNG.java:114)at org.testng.remote.RemoteTestNG.initAndRun(RemoteTestNG.java:251)at org.testng.remote.RemoteTestNG.main(RemoteTestNG.java:77)]]>
            </full-stacktrace>
          </exception> <!-- org.openqa.selenium.NoSuchElementException -->
          <reporter-output>
          </reporter-output>
        </test-method> <!-- checkOutConfirmOrder -->
        <test-method status="PASS" signature="getResult(org.testng.ITestResult)[pri:0, instance:com.wipro.chcare.ccc.openCart002_OrderHistory@1e397ed7]" name="getResult" is-config="true" duration-ms="1" started-at="2018-02-22T17:27:03Z" finished-at="2018-02-22T17:27:03Z">
          <params>
            <param index="0">
              <value>
                <![CDATA[[TestResult name=checkOutConfirmOrder status=FAILURE method=openCart002_OrderHistory.checkOutConfirmOrder()[pri:0, instance:com.wipro.chcare.ccc.openCart002_OrderHistory@1e397ed7] output={null}]]]>
              </value>
            </param>
          </params>
          <reporter-output>
          </reporter-output>
        </test-method> <!-- getResult -->
        <test-method status="SKIP" signature="orderHistory(java.lang.String, java.lang.String, java.lang.String, java.lang.String)[pri:0, instance:com.wipro.chcare.ccc.openCart002_OrderHistory@1e397ed7]" name="orderHistory" duration-ms="0" started-at="2018-02-22T17:27:03Z" data-provider="Mydatprovide" depends-on-methods="com.wipro.chcare.ccc.openCart002_OrderHistory.checkOutConfirmOrder" finished-at="2018-02-22T17:27:03Z">
          <exception class="java.lang.Throwable">
            <message>
              <![CDATA[Method openCart002_OrderHistory.orderHistory(java.lang.String, java.lang.String, java.lang.String, java.lang.String)[pri:0, instance:com.wipro.chcare.ccc.openCart002_OrderHistory@1e397ed7] depends on not successfully finished methods]]>
            </message>
            <full-stacktrace>
              <![CDATA[java.lang.Throwable: Method openCart002_OrderHistory.orderHistory(java.lang.String, java.lang.String, java.lang.String, java.lang.String)[pri:0, instance:com.wipro.chcare.ccc.openCart002_OrderHistory@1e397ed7] depends on not successfully finished methodsat org.testng.internal.Invoker.invokeTestMethods(Invoker.java:878)at org.testng.internal.TestMethodWorker.invokeTestMethods(TestMethodWorker.java:125)at org.testng.internal.TestMethodWorker.run(TestMethodWorker.java:109)at org.testng.TestRunner.privateRun(TestRunner.java:648)at org.testng.TestRunner.run(TestRunner.java:505)at org.testng.SuiteRunner.runTest(SuiteRunner.java:455)at org.testng.SuiteRunner.runSequentially(SuiteRunner.java:450)at org.testng.SuiteRunner.privateRun(SuiteRunner.java:415)at org.testng.SuiteRunner.run(SuiteRunner.java:364)at org.testng.SuiteRunnerWorker.runSuite(SuiteRunnerWorker.java:52)at org.testng.SuiteRunnerWorker.run(SuiteRunnerWorker.java:84)at org.testng.TestNG.runSuitesSequentially(TestNG.java:1187)at org.testng.TestNG.runSuitesLocally(TestNG.java:1116)at org.testng.TestNG.runSuites(TestNG.java:1028)at org.testng.TestNG.run(TestNG.java:996)at org.testng.remote.AbstractRemoteTestNG.run(AbstractRemoteTestNG.java:114)at org.testng.remote.RemoteTestNG.initAndRun(RemoteTestNG.java:251)at org.testng.remote.RemoteTestNG.main(RemoteTestNG.java:77)]]>
            </full-stacktrace>
          </exception> <!-- java.lang.Throwable -->
          <reporter-output>
          </reporter-output>
        </test-method> <!-- orderHistory -->
        <test-method status="PASS" signature="windup()[pri:0, instance:com.wipro.chcare.ccc.openCart002_OrderHistory@1e397ed7]" name="windup" is-config="true" duration-ms="0" started-at="2018-02-22T17:27:03Z" finished-at="2018-02-22T17:27:03Z">
          <reporter-output>
          </reporter-output>
        </test-method> <!-- windup -->
        <test-method status="PASS" signature="endReport()[pri:0, instance:com.wipro.chcare.ccc.openCart002_OrderHistory@1e397ed7]" name="endReport" is-config="true" duration-ms="62" started-at="2018-02-22T17:27:03Z" finished-at="2018-02-22T17:27:03Z">
          <reporter-output>
          </reporter-output>
        </test-method> <!-- endReport -->
      </class> <!-- com.wipro.chcare.ccc.openCart002_OrderHistory -->
      <class name="com.wipro.chcare.ccc.openCart001_Registration">
        <test-method status="PASS" signature="initializeReport()[pri:0, instance:com.wipro.chcare.ccc.openCart001_Registration@5700d6b1]" name="initializeReport" is-config="true" duration-ms="155" started-at="2018-02-22T17:22:39Z" finished-at="2018-02-22T17:22:39Z">
          <reporter-output>
          </reporter-output>
        </test-method> <!-- initializeReport -->
        <test-method status="PASS" signature="intialize()[pri:0, instance:com.wipro.chcare.ccc.openCart001_Registration@5700d6b1]" name="intialize" is-config="true" duration-ms="4653" started-at="2018-02-22T17:22:39Z" finished-at="2018-02-22T17:22:43Z">
          <reporter-output>
          </reporter-output>
        </test-method> <!-- intialize -->
        <test-method status="PASS" signature="openApp()[pri:0, instance:com.wipro.chcare.ccc.openCart001_Registration@5700d6b1]" name="openApp" duration-ms="1029" started-at="2018-02-22T17:22:43Z" description="Launch openCart application" finished-at="2018-02-22T17:22:44Z">
          <reporter-output>
          </reporter-output>
        </test-method> <!-- openApp -->
        <test-method status="PASS" signature="getResult(org.testng.ITestResult)[pri:0, instance:com.wipro.chcare.ccc.openCart001_Registration@5700d6b1]" name="getResult" is-config="true" duration-ms="5" started-at="2018-02-22T17:22:44Z" finished-at="2018-02-22T17:22:44Z">
          <params>
            <param index="0">
              <value>
                <![CDATA[[TestResult name=openApp status=SUCCESS method=openCart001_Registration.openApp()[pri:0, instance:com.wipro.chcare.ccc.openCart001_Registration@5700d6b1] output={null}]]]>
              </value>
            </param>
          </params>
          <reporter-output>
          </reporter-output>
        </test-method> <!-- getResult -->
        <test-method status="PASS" signature="registration(java.lang.String, java.lang.String, java.lang.String, java.lang.String, java.lang.String, java.lang.String, java.lang.String, java.lang.String, java.lang.String, java.lang.String, java.lang.String, java.lang.String, java.lang.String, java.lang.String, java.lang.String)[pri:0, instance:com.wipro.chcare.ccc.openCart001_Registration@5700d6b1]" name="registration" duration-ms="5769" started-at="2018-02-22T17:22:45Z" data-provider="Mydatprovide" depends-on-methods="com.wipro.chcare.ccc.openCart001_Registration.openApp" finished-at="2018-02-22T17:22:51Z">
          <params>
            <param index="0">
              <value>
                <![CDATA[Dhana]]>
              </value>
            </param>
            <param index="1">
              <value>
                <![CDATA[Lakshmi]]>
              </value>
            </param>
            <param index="2">
              <value>
                <![CDATA[dhana1c3vb33w1@gmail.com]]>
              </value>
            </param>
            <param index="3">
              <value>
                <![CDATA[9000788667]]>
              </value>
            </param>
            <param index="4">
              <value>
                <![CDATA[5425]]>
              </value>
            </param>
            <param index="5">
              <value>
                <![CDATA[wipro]]>
              </value>
            </param>
            <param index="6">
              <value>
                <![CDATA[2345]]>
              </value>
            </param>
            <param index="7">
              <value>
                <![CDATA[blueraod]]>
              </value>
            </param>
            <param index="8">
              <value>
                <![CDATA[navystreet]]>
              </value>
            </param>
            <param index="9">
              <value>
                <![CDATA[hyderabad]]>
              </value>
            </param>
            <param index="10">
              <value>
                <![CDATA[500019]]>
              </value>
            </param>
            <param index="11">
              <value>
                <![CDATA[India]]>
              </value>
            </param>
            <param index="12">
              <value>
                <![CDATA[Goa]]>
              </value>
            </param>
            <param index="13">
              <value>
                <![CDATA[Dhana@24]]>
              </value>
            </param>
            <param index="14">
              <value>
                <![CDATA[Dhana@24]]>
              </value>
            </param>
          </params>
          <reporter-output>
          </reporter-output>
        </test-method> <!-- registration -->
        <test-method status="PASS" signature="getResult(org.testng.ITestResult)[pri:0, instance:com.wipro.chcare.ccc.openCart001_Registration@5700d6b1]" name="getResult" is-config="true" duration-ms="1" started-at="2018-02-22T17:22:51Z" finished-at="2018-02-22T17:22:51Z">
          <params>
            <param index="0">
              <value>
                <![CDATA[[TestResult name=registration status=SUCCESS method=openCart001_Registration.registration(java.lang.String, java.lang.String, java.lang.String, java.lang.String, java.lang.String, java.lang.String, java.lang.String, java.lang.String, java.lang.String, java.lang.String, java.lang.String, java.lang.String, java.lang.String, java.lang.String, java.lang.String)[pri:0, instance:com.wipro.chcare.ccc.openCart001_Registration@5700d6b1] output={null}]]]>
              </value>
            </param>
          </params>
          <reporter-output>
          </reporter-output>
        </test-method> <!-- getResult -->
        <test-method status="PASS" signature="reviewProd(java.lang.String, java.lang.String, java.lang.String)[pri:0, instance:com.wipro.chcare.ccc.openCart001_Registration@5700d6b1]" name="reviewProd" duration-ms="13899" started-at="2018-02-22T17:22:51Z" data-provider="Reviewproduct" depends-on-methods="com.wipro.chcare.ccc.openCart001_Registration.registration" finished-at="2018-02-22T17:23:05Z">
          <params>
            <param index="0">
              <value>
                <![CDATA[Amala]]>
              </value>
            </param>
            <param index="1">
              <value>
                <![CDATA[2]]>
              </value>
            </param>
            <param index="2">
              <value>
                <![CDATA[Good]]>
              </value>
            </param>
          </params>
          <reporter-output>
          </reporter-output>
        </test-method> <!-- reviewProd -->
        <test-method status="PASS" signature="getResult(org.testng.ITestResult)[pri:0, instance:com.wipro.chcare.ccc.openCart001_Registration@5700d6b1]" name="getResult" is-config="true" duration-ms="1" started-at="2018-02-22T17:23:05Z" finished-at="2018-02-22T17:23:05Z">
          <params>
            <param index="0">
              <value>
                <![CDATA[[TestResult name=reviewProd status=SUCCESS method=openCart001_Registration.reviewProd(java.lang.String, java.lang.String, java.lang.String)[pri:0, instance:com.wipro.chcare.ccc.openCart001_Registration@5700d6b1] output={null}]]]>
              </value>
            </param>
          </params>
          <reporter-output>
          </reporter-output>
        </test-method> <!-- getResult -->
        <test-method status="PASS" signature="reviewProd(java.lang.String, java.lang.String, java.lang.String)[pri:0, instance:com.wipro.chcare.ccc.openCart001_Registration@5700d6b1]" name="reviewProd" duration-ms="13905" started-at="2018-02-22T17:23:05Z" data-provider="Reviewproduct" depends-on-methods="com.wipro.chcare.ccc.openCart001_Registration.registration" finished-at="2018-02-22T17:23:19Z">
          <params>
            <param index="0">
              <value>
                <![CDATA[Kamal]]>
              </value>
            </param>
            <param index="1">
              <value>
                <![CDATA[3]]>
              </value>
            </param>
            <param index="2">
              <value>
                <![CDATA[kona vinay dhhdshhdhdhhdhsalsjghkdjsfghfdkhjk]]>
              </value>
            </param>
          </params>
          <reporter-output>
          </reporter-output>
        </test-method> <!-- reviewProd -->
        <test-method status="PASS" signature="getResult(org.testng.ITestResult)[pri:0, instance:com.wipro.chcare.ccc.openCart001_Registration@5700d6b1]" name="getResult" is-config="true" duration-ms="1" started-at="2018-02-22T17:23:19Z" finished-at="2018-02-22T17:23:19Z">
          <params>
            <param index="0">
              <value>
                <![CDATA[[TestResult name=reviewProd status=SUCCESS method=openCart001_Registration.reviewProd(java.lang.String, java.lang.String, java.lang.String)[pri:0, instance:com.wipro.chcare.ccc.openCart001_Registration@5700d6b1] output={null}]]]>
              </value>
            </param>
          </params>
          <reporter-output>
          </reporter-output>
        </test-method> <!-- getResult -->
        <test-method status="PASS" signature="addToWishList()[pri:0, instance:com.wipro.chcare.ccc.openCart001_Registration@5700d6b1]" name="addToWishList" duration-ms="12171" started-at="2018-02-22T17:23:19Z" description="add to Wish list" depends-on-methods="com.wipro.chcare.ccc.openCart001_Registration.reviewProd" finished-at="2018-02-22T17:23:31Z">
          <reporter-output>
          </reporter-output>
        </test-method> <!-- addToWishList -->
        <test-method status="PASS" signature="endReport()[pri:0, instance:com.wipro.chcare.ccc.openCart001_Registration@5700d6b1]" name="endReport" is-config="true" duration-ms="358" started-at="2018-02-22T17:23:31Z" finished-at="2018-02-22T17:23:31Z">
          <reporter-output>
          </reporter-output>
        </test-method> <!-- endReport -->
        <test-method status="PASS" signature="getResult(org.testng.ITestResult)[pri:0, instance:com.wipro.chcare.ccc.openCart001_Registration@5700d6b1]" name="getResult" is-config="true" duration-ms="0" started-at="2018-02-22T17:23:31Z" finished-at="2018-02-22T17:23:31Z">
          <params>
            <param index="0">
              <value>
                <![CDATA[[TestResult name=addToWishList status=SUCCESS method=openCart001_Registration.addToWishList()[pri:0, instance:com.wipro.chcare.ccc.openCart001_Registration@5700d6b1] output={null}]]]>
              </value>
            </param>
          </params>
          <reporter-output>
          </reporter-output>
        </test-method> <!-- getResult -->
      </class> <!-- com.wipro.chcare.ccc.openCart001_Registration -->
      <class name="com.wipro.chcare.ccc.openCart004_AddingPhonesToTheCart">
        <test-method status="PASS" signature="initializeReport()[pri:0, instance:com.wipro.chcare.ccc.openCart004_AddingPhonesToTheCart@5f2108b5]" name="initializeReport" is-config="true" duration-ms="7" started-at="2018-02-22T17:25:33Z" finished-at="2018-02-22T17:25:33Z">
          <reporter-output>
          </reporter-output>
        </test-method> <!-- initializeReport -->
        <test-method status="PASS" signature="intialize()[pri:0, instance:com.wipro.chcare.ccc.openCart004_AddingPhonesToTheCart@5f2108b5]" name="intialize" is-config="true" duration-ms="1851" started-at="2018-02-22T17:25:33Z" finished-at="2018-02-22T17:25:35Z">
          <reporter-output>
          </reporter-output>
        </test-method> <!-- intialize -->
        <test-method status="PASS" signature="openApp()[pri:0, instance:com.wipro.chcare.ccc.openCart004_AddingPhonesToTheCart@5f2108b5]" name="openApp" duration-ms="2231" started-at="2018-02-22T17:25:35Z" description="Launch openCart application" finished-at="2018-02-22T17:25:37Z">
          <reporter-output>
          </reporter-output>
        </test-method> <!-- openApp -->
        <test-method status="PASS" signature="getResult(org.testng.ITestResult)[pri:0, instance:com.wipro.chcare.ccc.openCart004_AddingPhonesToTheCart@5f2108b5]" name="getResult" is-config="true" duration-ms="0" started-at="2018-02-22T17:25:37Z" finished-at="2018-02-22T17:25:37Z">
          <params>
            <param index="0">
              <value>
                <![CDATA[[TestResult name=openApp status=SUCCESS method=openCart004_AddingPhonesToTheCart.openApp()[pri:0, instance:com.wipro.chcare.ccc.openCart004_AddingPhonesToTheCart@5f2108b5] output={null}]]]>
              </value>
            </param>
          </params>
          <reporter-output>
          </reporter-output>
        </test-method> <!-- getResult -->
        <test-method status="PASS" signature="loginApp(java.lang.String, java.lang.String, java.lang.String, java.lang.String)[pri:0, instance:com.wipro.chcare.ccc.openCart004_AddingPhonesToTheCart@5f2108b5]" name="loginApp" duration-ms="805" started-at="2018-02-22T17:25:37Z" data-provider="Mydatprovide" depends-on-methods="com.wipro.chcare.ccc.openCart004_AddingPhonesToTheCart.openApp" finished-at="2018-02-22T17:25:38Z">
          <params>
            <param index="0">
              <value>
                <![CDATA[dhana.amalakanta@gmail.com]]>
              </value>
            </param>
            <param index="1">
              <value>
                <![CDATA[Dhana@24]]>
              </value>
            </param>
            <param index="2">
              <value>
                <![CDATA[3]]>
              </value>
            </param>
            <param index="3">
              <value>
                <![CDATA[Product is not good]]>
              </value>
            </param>
          </params>
          <reporter-output>
          </reporter-output>
        </test-method> <!-- loginApp -->
        <test-method status="PASS" signature="getResult(org.testng.ITestResult)[pri:0, instance:com.wipro.chcare.ccc.openCart004_AddingPhonesToTheCart@5f2108b5]" name="getResult" is-config="true" duration-ms="1" started-at="2018-02-22T17:25:38Z" finished-at="2018-02-22T17:25:38Z">
          <params>
            <param index="0">
              <value>
                <![CDATA[[TestResult name=loginApp status=SUCCESS method=openCart004_AddingPhonesToTheCart.loginApp(java.lang.String, java.lang.String, java.lang.String, java.lang.String)[pri:0, instance:com.wipro.chcare.ccc.openCart004_AddingPhonesToTheCart@5f2108b5] output={null}]]]>
              </value>
            </param>
          </params>
          <reporter-output>
          </reporter-output>
        </test-method> <!-- getResult -->
        <test-method status="PASS" signature="homePageNavigation()[pri:0, instance:com.wipro.chcare.ccc.openCart004_AddingPhonesToTheCart@5f2108b5]" name="homePageNavigation" duration-ms="362" started-at="2018-02-22T17:25:38Z" depends-on-methods="com.wipro.chcare.ccc.openCart004_AddingPhonesToTheCart.loginApp" finished-at="2018-02-22T17:25:38Z">
          <reporter-output>
          </reporter-output>
        </test-method> <!-- homePageNavigation -->
        <test-method status="PASS" signature="getResult(org.testng.ITestResult)[pri:0, instance:com.wipro.chcare.ccc.openCart004_AddingPhonesToTheCart@5f2108b5]" name="getResult" is-config="true" duration-ms="0" started-at="2018-02-22T17:25:38Z" finished-at="2018-02-22T17:25:38Z">
          <params>
            <param index="0">
              <value>
                <![CDATA[[TestResult name=homePageNavigation status=SUCCESS method=openCart004_AddingPhonesToTheCart.homePageNavigation()[pri:0, instance:com.wipro.chcare.ccc.openCart004_AddingPhonesToTheCart@5f2108b5] output={null}]]]>
              </value>
            </param>
          </params>
          <reporter-output>
          </reporter-output>
        </test-method> <!-- getResult -->
        <test-method status="PASS" signature="AddingPhonesToTheCart(java.lang.String, java.lang.String, java.lang.String, java.lang.String, java.lang.String, java.lang.String, java.lang.String, java.lang.String, java.lang.String, java.lang.String, java.lang.String, java.lang.String)[pri:0, instance:com.wipro.chcare.ccc.openCart004_AddingPhonesToTheCart@5f2108b5]" name="AddingPhonesToTheCart" duration-ms="42146" started-at="2018-02-22T17:25:38Z" data-provider="Billingdetails" depends-on-methods="com.wipro.chcare.ccc.openCart004_AddingPhonesToTheCart.homePageNavigation" finished-at="2018-02-22T17:26:20Z">
          <params>
            <param index="0">
              <value>
                <![CDATA[John]]>
              </value>
            </param>
            <param index="1">
              <value>
                <![CDATA[Mave]]>
              </value>
            </param>
            <param index="2">
              <value>
                <![CDATA[oracle]]>
              </value>
            </param>
            <param index="3">
              <value>
                <![CDATA[568552]]>
              </value>
            </param>
            <param index="4">
              <value>
                <![CDATA[road11]]>
              </value>
            </param>
            <param index="5">
              <value>
                <![CDATA[roadwave11]]>
              </value>
            </param>
            <param index="6">
              <value>
                <![CDATA[Chennai]]>
              </value>
            </param>
            <param index="7">
              <value>
                <![CDATA[500055]]>
              </value>
            </param>
            <param index="8">
              <value>
                <![CDATA[India]]>
              </value>
            </param>
            <param index="9">
              <value>
                <![CDATA[Goa]]>
              </value>
            </param>
            <param index="10">
              <value>
                <![CDATA[It is processing]]>
              </value>
            </param>
            <param index="11">
              <value>
                <![CDATA[G345]]>
              </value>
            </param>
          </params>
          <reporter-output>
          </reporter-output>
        </test-method> <!-- AddingPhonesToTheCart -->
        <test-method status="PASS" signature="getResult(org.testng.ITestResult)[pri:0, instance:com.wipro.chcare.ccc.openCart004_AddingPhonesToTheCart@5f2108b5]" name="getResult" is-config="true" duration-ms="1" started-at="2018-02-22T17:26:20Z" finished-at="2018-02-22T17:26:20Z">
          <params>
            <param index="0">
              <value>
                <![CDATA[[TestResult name=AddingPhonesToTheCart status=SUCCESS method=openCart004_AddingPhonesToTheCart.AddingPhonesToTheCart(java.lang.String, java.lang.String, java.lang.String, java.lang.String, java.lang.String, java.lang.String, java.lang.String, java.lang.String, java.lang.String, java.lang.String, java.lang.String, java.lang.String)[pri:0, instance:com.wipro.chcare.ccc.openCart004_AddingPhonesToTheCart@5f2108b5] output={null}]]]>
              </value>
            </param>
          </params>
          <reporter-output>
          </reporter-output>
        </test-method> <!-- getResult -->
        <test-method status="FAIL" signature="billingDetails(java.lang.String, java.lang.String, java.lang.String, java.lang.String, java.lang.String, java.lang.String, java.lang.String, java.lang.String, java.lang.String, java.lang.String, java.lang.String, java.lang.String)[pri:0, instance:com.wipro.chcare.ccc.openCart004_AddingPhonesToTheCart@5f2108b5]" name="billingDetails" duration-ms="10071" started-at="2018-02-22T17:26:20Z" data-provider="Billingdetails" depends-on-methods="com.wipro.chcare.ccc.openCart004_AddingPhonesToTheCart.AddingPhonesToTheCart" finished-at="2018-02-22T17:26:30Z">
          <params>
            <param index="0">
              <value>
                <![CDATA[John]]>
              </value>
            </param>
            <param index="1">
              <value>
                <![CDATA[Mave]]>
              </value>
            </param>
            <param index="2">
              <value>
                <![CDATA[oracle]]>
              </value>
            </param>
            <param index="3">
              <value>
                <![CDATA[568552]]>
              </value>
            </param>
            <param index="4">
              <value>
                <![CDATA[road11]]>
              </value>
            </param>
            <param index="5">
              <value>
                <![CDATA[roadwave11]]>
              </value>
            </param>
            <param index="6">
              <value>
                <![CDATA[Chennai]]>
              </value>
            </param>
            <param index="7">
              <value>
                <![CDATA[500055]]>
              </value>
            </param>
            <param index="8">
              <value>
                <![CDATA[India]]>
              </value>
            </param>
            <param index="9">
              <value>
                <![CDATA[Goa]]>
              </value>
            </param>
            <param index="10">
              <value>
                <![CDATA[It is processing]]>
              </value>
            </param>
            <param index="11">
              <value>
                <![CDATA[G345]]>
              </value>
            </param>
          </params>
          <exception class="org.openqa.selenium.NoSuchElementException">
            <message>
              <![CDATA[no such element: Unable to locate element: {"method":"id","selector":"payment-address-new"}  (Session info: chrome=63.0.3239.132)  (Driver info: chromedriver=2.33.506120 (e3e53437346286c0bc2d2dc9aa4915ba81d9023f),platform=Windows NT 10.0.14393 x86_64) (WARNING: The server did not provide any stacktrace information)Command duration or timeout: 0 millisecondsFor documentation on this error, please visit: http://seleniumhq.org/exceptions/no_such_element.htmlBuild info: version: '3.6.0', revision: '6fbf3ec767', time: '2017-09-27T15:28:36.4Z'System info: host: 'D-184003222', ip: '10.159.34.131', os.name: 'Windows 10', os.arch: 'amd64', os.version: '10.0', java.version: '1.8.0_121'Driver info: org.openqa.selenium.remote.RemoteWebDriverCapabilities [{mobileEmulationEnabled=false, hasTouchScreen=false, platform=XP, acceptSslCerts=true, webStorageEnabled=true, browserName=chrome, takesScreenshot=true, javascriptEnabled=true, platformName=XP, setWindowRect=true, unexpectedAlertBehaviour=, applicationCacheEnabled=false, rotatable=false, networkConnectionEnabled=false, chrome={chromedriverVersion=2.33.506120 (e3e53437346286c0bc2d2dc9aa4915ba81d9023f), userDataDir=C:\Users\damal\AppData\Local\Temp\scoped_dir12936_8175}, takesHeapSnapshot=true, pageLoadStrategy=normal, unhandledPromptBehavior=, databaseEnabled=false, handlesAlerts=true, version=63.0.3239.132, browserConnectionEnabled=false, nativeEvents=true, webdriver.remote.sessionid=7b98eb0c8a435e29c4ab1dcccff2d653, locationContextEnabled=true, cssSelectorsEnabled=true}]Session ID: 7b98eb0c8a435e29c4ab1dcccff2d653*** Element info: {Using=id, value=payment-address-new}]]>
            </message>
            <full-stacktrace>
              <![CDATA[org.openqa.selenium.NoSuchElementException: no such element: Unable to locate element: {"method":"id","selector":"payment-address-new"}  (Session info: chrome=63.0.3239.132)  (Driver info: chromedriver=2.33.506120 (e3e53437346286c0bc2d2dc9aa4915ba81d9023f),platform=Windows NT 10.0.14393 x86_64) (WARNING: The server did not provide any stacktrace information)Command duration or timeout: 0 millisecondsFor documentation on this error, please visit: http://seleniumhq.org/exceptions/no_such_element.htmlBuild info: version: '3.6.0', revision: '6fbf3ec767', time: '2017-09-27T15:28:36.4Z'System info: host: 'D-184003222', ip: '10.159.34.131', os.name: 'Windows 10', os.arch: 'amd64', os.version: '10.0', java.version: '1.8.0_121'Driver info: org.openqa.selenium.remote.RemoteWebDriverCapabilities [{mobileEmulationEnabled=false, hasTouchScreen=false, platform=XP, acceptSslCerts=true, webStorageEnabled=true, browserName=chrome, takesScreenshot=true, javascriptEnabled=true, platformName=XP, setWindowRect=true, unexpectedAlertBehaviour=, applicationCacheEnabled=false, rotatable=false, networkConnectionEnabled=false, chrome={chromedriverVersion=2.33.506120 (e3e53437346286c0bc2d2dc9aa4915ba81d9023f), userDataDir=C:\Users\damal\AppData\Local\Temp\scoped_dir12936_8175}, takesHeapSnapshot=true, pageLoadStrategy=normal, unhandledPromptBehavior=, databaseEnabled=false, handlesAlerts=true, version=63.0.3239.132, browserConnectionEnabled=false, nativeEvents=true, webdriver.remote.sessionid=7b98eb0c8a435e29c4ab1dcccff2d653, locationContextEnabled=true, cssSelectorsEnabled=true}]Session ID: 7b98eb0c8a435e29c4ab1dcccff2d653*** Element info: {Using=id, value=payment-address-new}at sun.reflect.NativeConstructorAccessorImpl.newInstance0(Native Method)at sun.reflect.NativeConstructorAccessorImpl.newInstance(NativeConstructorAccessorImpl.java:62)at sun.reflect.DelegatingConstructorAccessorImpl.newInstance(DelegatingConstructorAccessorImpl.java:45)at java.lang.reflect.Constructor.newInstance(Constructor.java:423)at org.openqa.selenium.remote.ErrorHandler.createThrowable(ErrorHandler.java:214)at org.openqa.selenium.remote.ErrorHandler.throwIfResponseFailed(ErrorHandler.java:166)at org.openqa.selenium.remote.http.JsonHttpResponseCodec.reconstructValue(JsonHttpResponseCodec.java:40)at org.openqa.selenium.remote.http.AbstractHttpResponseCodec.decode(AbstractHttpResponseCodec.java:82)at org.openqa.selenium.remote.http.AbstractHttpResponseCodec.decode(AbstractHttpResponseCodec.java:45)at org.openqa.selenium.remote.HttpCommandExecutor.execute(HttpCommandExecutor.java:164)at org.openqa.selenium.remote.RemoteWebDriver.execute(RemoteWebDriver.java:586)at org.openqa.selenium.remote.RemoteWebDriver.findElement(RemoteWebDriver.java:356)at org.openqa.selenium.remote.RemoteWebDriver.findElementById(RemoteWebDriver.java:402)at org.openqa.selenium.By$ById.findElement(By.java:218)at org.openqa.selenium.remote.RemoteWebDriver.findElement(RemoteWebDriver.java:348)at com.wipro.chcare.ccc.openCart004_AddingPhonesToTheCart.billingDetails(openCart004_AddingPhonesToTheCart.java:233)at sun.reflect.NativeMethodAccessorImpl.invoke0(Native Method)at sun.reflect.NativeMethodAccessorImpl.invoke(NativeMethodAccessorImpl.java:62)at sun.reflect.DelegatingMethodAccessorImpl.invoke(DelegatingMethodAccessorImpl.java:43)at java.lang.reflect.Method.invoke(Method.java:498)at org.testng.internal.MethodInvocationHelper.invokeMethod(MethodInvocationHelper.java:124)at org.testng.internal.Invoker.invokeMethod(Invoker.java:571)at org.testng.internal.Invoker.invokeTestMethod(Invoker.java:707)at org.testng.internal.Invoker.invokeTestMethods(Invoker.java:979)at org.testng.internal.TestMethodWorker.invokeTestMethods(TestMethodWorker.java:125)at org.testng.internal.TestMethodWorker.run(TestMethodWorker.java:109)at org.testng.TestRunner.privateRun(TestRunner.java:648)at org.testng.TestRunner.run(TestRunner.java:505)at org.testng.SuiteRunner.runTest(SuiteRunner.java:455)at org.testng.SuiteRunner.runSequentially(SuiteRunner.java:450)at org.testng.SuiteRunner.privateRun(SuiteRunner.java:415)at org.testng.SuiteRunner.run(SuiteRunner.java:364)at org.testng.SuiteRunnerWorker.runSuite(SuiteRunnerWorker.java:52)at org.testng.SuiteRunnerWorker.run(SuiteRunnerWorker.java:84)at org.testng.TestNG.runSuitesSequentially(TestNG.java:1187)at org.testng.TestNG.runSuitesLocally(TestNG.java:1116)at org.testng.TestNG.runSuites(TestNG.java:1028)at org.testng.TestNG.run(TestNG.java:996)at org.testng.remote.AbstractRemoteTestNG.run(AbstractRemoteTestNG.java:114)at org.testng.remote.RemoteTestNG.initAndRun(RemoteTestNG.java:251)at org.testng.remote.RemoteTestNG.main(RemoteTestNG.java:77)]]>
            </full-stacktrace>
          </exception> <!-- org.openqa.selenium.NoSuchElementException -->
          <reporter-output>
          </reporter-output>
        </test-method> <!-- billingDetails -->
        <test-method status="PASS" signature="getResult(org.testng.ITestResult)[pri:0, instance:com.wipro.chcare.ccc.openCart004_AddingPhonesToTheCart@5f2108b5]" name="getResult" is-config="true" duration-ms="1" started-at="2018-02-22T17:26:30Z" finished-at="2018-02-22T17:26:30Z">
          <params>
            <param index="0">
              <value>
                <![CDATA[[TestResult name=billingDetails status=FAILURE method=openCart004_AddingPhonesToTheCart.billingDetails(java.lang.String, java.lang.String, java.lang.String, java.lang.String, java.lang.String, java.lang.String, java.lang.String, java.lang.String, java.lang.String, java.lang.String, java.lang.String, java.lang.String)[pri:0, instance:com.wipro.chcare.ccc.openCart004_AddingPhonesToTheCart@5f2108b5] output={null}]]]>
              </value>
            </param>
          </params>
          <reporter-output>
          </reporter-output>
        </test-method> <!-- getResult -->
        <test-method status="PASS" signature="endReport()[pri:0, instance:com.wipro.chcare.ccc.openCart004_AddingPhonesToTheCart@5f2108b5]" name="endReport" is-config="true" duration-ms="88" started-at="2018-02-22T17:26:30Z" finished-at="2018-02-22T17:26:31Z">
          <reporter-output>
          </reporter-output>
        </test-method> <!-- endReport -->
      </class> <!-- com.wipro.chcare.ccc.openCart004_AddingPhonesToTheCart -->
    </test> <!-- Test -->
  </suite> <!-- Suite -->
</testng-results>
